Microsoft (R) Macro Assembler Version 14.16.27035.0	    03/02/20 19:00:27
AddTwo.asm						     Page 1 - 1


				.386
				.model flat,stdcall
				.stack 4096
				ExitProcess proto,dwExitCode:dword

 00000000			.data



 00000000			.code
 00000000			main proc
 00000000  66| B8 0000		mov ax, 0
 00000004  66| B9 0005		mov cx, 5
 00000008  66| 03 C1		L1: add ax, cx
 0000000B  E2 FB		loop L1

				invoke ExitProcess,0
 0000000D  6A 00	   *	    push   +000000000h
 0000000F  E8 00000000 E   *	    call   ExitProcess
 00000014			main endp
				end main
Microsoft (R) Macro Assembler Version 14.16.27035.0	    03/02/20 19:00:27
AddTwo.asm						     Symbols 2 - 1




Segments and Groups:

                N a m e                 Size     Length   Align   Combine Class

FLAT . . . . . . . . . . . . . .	GROUP
STACK  . . . . . . . . . . . . .	32 Bit	 00001000 DWord	  Stack	  'STACK'	 
_DATA  . . . . . . . . . . . . .	32 Bit	 00000000 DWord	  Public  'DATA'	
_TEXT  . . . . . . . . . . . . .	32 Bit	 00000014 DWord	  Public  'CODE'	


Procedures, parameters, and locals:

                N a m e                 Type     Value    Attr

ExitProcess  . . . . . . . . . .	P Near	 00000000 FLAT	Length= 00000000 External STDCALL
main . . . . . . . . . . . . . .	P Near	 00000000 _TEXT	Length= 00000014 Public STDCALL
  L1 . . . . . . . . . . . . . .	L Near	 00000008 _TEXT	


Symbols:

                N a m e                 Type     Value    Attr

@CodeSize  . . . . . . . . . . .	Number	 00000000h   
@DataSize  . . . . . . . . . . .	Number	 00000000h   
@Interface . . . . . . . . . . .	Number	 00000003h   
@Model . . . . . . . . . . . . .	Number	 00000007h   
@code  . . . . . . . . . . . . .	Text   	 _TEXT
@data  . . . . . . . . . . . . .	Text   	 FLAT
@fardata?  . . . . . . . . . . .	Text   	 FLAT
@fardata . . . . . . . . . . . .	Text   	 FLAT
@stack . . . . . . . . . . . . .	Text   	 FLAT

	   0 Warnings
	   0 Errors
