Microsoft (R) Macro Assembler Version 14.16.27035.0	    02/27/20 19:22:43
AddTwo.asm						     Page 1 - 1


				;Lab7-Exercise 1
				;Learn Flags Detail


				.386
				.model flat,stdcall
				.stack 4096
				ExitProcess proto,dwExitCode:dword
 00000000			.data
 00000000 00000001		arrayD DWORD 1, 2, 3	
	   00000002
	   00000003
 00000000			.code
 00000000			main PROC
 00000000  A1 00000000 R	mov eax, arrayD							; 1, 2, 3
 00000005  87 05 00000004 R	xchg eax, [arrayD+4]					; 2, 1, 3
 0000000B  87 05 00000008 R	xchg eax, [arrayD+8]					; 3, 1, 2
 00000011  A3 00000000 R	mov [arrayD], eax						; 3, 1, 2
					invoke ExitProcess,0
 00000016  6A 00	   *	    push   +000000000h
 00000018  E8 00000000 E   *	    call   ExitProcess
 0000001D			main endp
				end main
Microsoft (R) Macro Assembler Version 14.16.27035.0	    02/27/20 19:22:43
AddTwo.asm						     Symbols 2 - 1




Segments and Groups:

                N a m e                 Size     Length   Align   Combine Class

FLAT . . . . . . . . . . . . . .	GROUP
STACK  . . . . . . . . . . . . .	32 Bit	 00001000 DWord	  Stack	  'STACK'	 
_DATA  . . . . . . . . . . . . .	32 Bit	 0000000C DWord	  Public  'DATA'	
_TEXT  . . . . . . . . . . . . .	32 Bit	 0000001D DWord	  Public  'CODE'	


Procedures, parameters, and locals:

                N a m e                 Type     Value    Attr

ExitProcess  . . . . . . . . . .	P Near	 00000000 FLAT	Length= 00000000 External STDCALL
main . . . . . . . . . . . . . .	P Near	 00000000 _TEXT	Length= 0000001D Public STDCALL


Symbols:

                N a m e                 Type     Value    Attr

@CodeSize  . . . . . . . . . . .	Number	 00000000h   
@DataSize  . . . . . . . . . . .	Number	 00000000h   
@Interface . . . . . . . . . . .	Number	 00000003h   
@Model . . . . . . . . . . . . .	Number	 00000007h   
@code  . . . . . . . . . . . . .	Text   	 _TEXT
@data  . . . . . . . . . . . . .	Text   	 FLAT
@fardata?  . . . . . . . . . . .	Text   	 FLAT
@fardata . . . . . . . . . . . .	Text   	 FLAT
@stack . . . . . . . . . . . . .	Text   	 FLAT
arrayD . . . . . . . . . . . . .	DWord	 00000000 _DATA	

	   0 Warnings
	   0 Errors
