Microsoft (R) Macro Assembler Version 14.16.27035.0	    03/06/20 14:05:20
AddTwo.asm						     Page 1 - 1


				; Loop Instruction
				;Problem 3. Write and run the program and answer the questions in the box.
				.386
				.model flat,stdcall
				.stack 4096
				ExitProcess proto,dwExitCode:dword

 00000000			.data
 00000000 00000000		temp DWORD ?
 00000000			.code
 00000000			main proc
 00000000  B8 00000000		mov eax, 0
 00000005  B9 0000000A		mov ecx, 10								; Outer Loop Counter
 0000000A			L1: 
 0000000A  B8 00000003			mov eax, 3

 0000000F  51				push ecx							; mov temp, ecx. store the value of ecx
 00000010  B9 00000005			mov ecx, 5							; inner loop counter
 00000015			L2: 
 00000015  83 C0 05			add eax, 5
 00000018  E2 FB			loop L2								; Repeat inner loop

 0000001A  59				pop ecx								; mov ecx, temp
 0000001B  E2 ED		loop L1									; repeat outer loop. restore the value of ecx from the memory. 
				invoke ExitProcess,0
 0000001D  6A 00	   *	    push   +000000000h
 0000001F  E8 00000000 E   *	    call   ExitProcess
 00000024			main endp
				end main
				; Third:
				;push will get ecx back on track for next iteration and pop will clear ecx
				; Replace 'mov temp, ecx' with push ecx and 'mov ecx, temp' with pop ecx
				; trace the stack memory
				; Anwer: Push is saving the value of ecx in memory doing the same work of 'mov temp, ecx'and pop is restoring back the value of memory that was stored back to ecx
				;Doing exact the same work of 'mov, ecx, temp'
Microsoft (R) Macro Assembler Version 14.16.27035.0	    03/06/20 14:05:20
AddTwo.asm						     Symbols 2 - 1




Segments and Groups:

                N a m e                 Size     Length   Align   Combine Class

FLAT . . . . . . . . . . . . . .	GROUP
STACK  . . . . . . . . . . . . .	32 Bit	 00001000 DWord	  Stack	  'STACK'	 
_DATA  . . . . . . . . . . . . .	32 Bit	 00000004 DWord	  Public  'DATA'	
_TEXT  . . . . . . . . . . . . .	32 Bit	 00000024 DWord	  Public  'CODE'	


Procedures, parameters, and locals:

                N a m e                 Type     Value    Attr

ExitProcess  . . . . . . . . . .	P Near	 00000000 FLAT	Length= 00000000 External STDCALL
main . . . . . . . . . . . . . .	P Near	 00000000 _TEXT	Length= 00000024 Public STDCALL
  L1 . . . . . . . . . . . . . .	L Near	 0000000A _TEXT	
  L2 . . . . . . . . . . . . . .	L Near	 00000015 _TEXT	


Symbols:

                N a m e                 Type     Value    Attr

@CodeSize  . . . . . . . . . . .	Number	 00000000h   
@DataSize  . . . . . . . . . . .	Number	 00000000h   
@Interface . . . . . . . . . . .	Number	 00000003h   
@Model . . . . . . . . . . . . .	Number	 00000007h   
@code  . . . . . . . . . . . . .	Text   	 _TEXT
@data  . . . . . . . . . . . . .	Text   	 FLAT
@fardata?  . . . . . . . . . . .	Text   	 FLAT
@fardata . . . . . . . . . . . .	Text   	 FLAT
@stack . . . . . . . . . . . . .	Text   	 FLAT
temp . . . . . . . . . . . . . .	DWord	 00000000 _DATA	

	   0 Warnings
	   0 Errors
