Microsoft (R) Macro Assembler Version 14.16.27035.0	    02/22/20 15:01:37
AddTwo.asm						     Page 1 - 1


				; mov and xchg: rearrange the values to be 3,1,2, you could
				; Lab 6

				.386
				.model flat,stdcall
				.stack 4096
				ExitProcess proto,dwExitCode:dword

 00000000			.data
 00000000 10 20 30 40 50	arrayB BYTE 10h, 20h, 30h, 40h, 50h
					
 00000000			.code
 00000000			main proc
 00000000  A0 00000000 R	mov al, arrayB
 00000005  A2 00000000 R	mov arrayB, al
					invoke ExitProcess,0
 0000000A  6A 00	   *	    push   +000000000h
 0000000C  E8 00000000 E   *	    call   ExitProcess

 00000011			main endp
				end main
Microsoft (R) Macro Assembler Version 14.16.27035.0	    02/22/20 15:01:37
AddTwo.asm						     Symbols 2 - 1




Segments and Groups:

                N a m e                 Size     Length   Align   Combine Class

FLAT . . . . . . . . . . . . . .	GROUP
STACK  . . . . . . . . . . . . .	32 Bit	 00001000 DWord	  Stack	  'STACK'	 
_DATA  . . . . . . . . . . . . .	32 Bit	 00000005 DWord	  Public  'DATA'	
_TEXT  . . . . . . . . . . . . .	32 Bit	 00000011 DWord	  Public  'CODE'	


Procedures, parameters, and locals:

                N a m e                 Type     Value    Attr

ExitProcess  . . . . . . . . . .	P Near	 00000000 FLAT	Length= 00000000 External STDCALL
main . . . . . . . . . . . . . .	P Near	 00000000 _TEXT	Length= 00000011 Public STDCALL


Symbols:

                N a m e                 Type     Value    Attr

@CodeSize  . . . . . . . . . . .	Number	 00000000h   
@DataSize  . . . . . . . . . . .	Number	 00000000h   
@Interface . . . . . . . . . . .	Number	 00000003h   
@Model . . . . . . . . . . . . .	Number	 00000007h   
@code  . . . . . . . . . . . . .	Text   	 _TEXT
@data  . . . . . . . . . . . . .	Text   	 FLAT
@fardata?  . . . . . . . . . . .	Text   	 FLAT
@fardata . . . . . . . . . . . .	Text   	 FLAT
@stack . . . . . . . . . . . . .	Text   	 FLAT
arrayB . . . . . . . . . . . . .	Byte	 00000000 _DATA	

	   0 Warnings
	   0 Errors
