Microsoft (R) Macro Assembler Version 14.16.27035.0	    02/22/20 11:28:47
AddTwo.asm						     Page 1 - 1


				;Learn exchanging
				;================================REMEMBER===============================
				;===============XCHG register, register=================================
				;===============XCHG register, memory===================================
				;===============XCHG memory, register===================================


				.386
				.model flat,stdcall
				.stack 4096
				ExitProcess proto,dwExitCode:dword

 00000000			.data
 00000000 00000009		val DWORD 9
 00000004 00000008		val2 DWORD 8

 00000000			.code
 00000000			main PROC
				;xchg val, val2 --> No memory to memory exchange
 00000000  87 05 00000004 R	xchg eax, val2
 00000006  87 05 00000004 R	xchg val2, eax

					invoke ExitProcess,0
 0000000C  6A 00	   *	    push   +000000000h
 0000000E  E8 00000000 E   *	    call   ExitProcess
 00000013			main endp
				end main
Microsoft (R) Macro Assembler Version 14.16.27035.0	    02/22/20 11:28:47
AddTwo.asm						     Symbols 2 - 1




Segments and Groups:

                N a m e                 Size     Length   Align   Combine Class

FLAT . . . . . . . . . . . . . .	GROUP
STACK  . . . . . . . . . . . . .	32 Bit	 00001000 DWord	  Stack	  'STACK'	 
_DATA  . . . . . . . . . . . . .	32 Bit	 00000008 DWord	  Public  'DATA'	
_TEXT  . . . . . . . . . . . . .	32 Bit	 00000013 DWord	  Public  'CODE'	


Procedures, parameters, and locals:

                N a m e                 Type     Value    Attr

ExitProcess  . . . . . . . . . .	P Near	 00000000 FLAT	Length= 00000000 External STDCALL
main . . . . . . . . . . . . . .	P Near	 00000000 _TEXT	Length= 00000013 Public STDCALL


Symbols:

                N a m e                 Type     Value    Attr

@CodeSize  . . . . . . . . . . .	Number	 00000000h   
@DataSize  . . . . . . . . . . .	Number	 00000000h   
@Interface . . . . . . . . . . .	Number	 00000003h   
@Model . . . . . . . . . . . . .	Number	 00000007h   
@code  . . . . . . . . . . . . .	Text   	 _TEXT
@data  . . . . . . . . . . . . .	Text   	 FLAT
@fardata?  . . . . . . . . . . .	Text   	 FLAT
@fardata . . . . . . . . . . . .	Text   	 FLAT
@stack . . . . . . . . . . . . .	Text   	 FLAT
val2 . . . . . . . . . . . . . .	DWord	 00000004 _DATA	
val  . . . . . . . . . . . . . .	DWord	 00000000 _DATA	

	   0 Warnings
	   0 Errors
