Microsoft (R) Macro Assembler Version 14.16.27035.0	    02/21/20 09:28:26
AddTwo.asm						     Page 1 - 1


				;summation of the list values.
				;Lab6, Exercise 2

				.386
				.model flat,stdcall
				.stack 4096
				ExitProcess proto,dwExitCode:dword

 00000000			.data
 00000000 00000001		array DWORD 1, 2, 3
	   00000002
	   00000003

 00000000			.code
 00000000			main proc
 00000000  A1 00000000 R	mov eax, array				; eax = 1
 00000005  87 05 00000004 R	xchg eax, [array+4]			; 1, 1, 3. eax = 2
 0000000B  87 05 00000008 R	xchg eax, [array+8]			; 1, 1, 2. eax = 3
 00000011  87 05 00000004 R	xchg eax, [array+4]			; 3, 1, 2. eax = 1
				;xchg array, eax				; 3, 1, 2. eax = 1


				invoke ExitProcess,0
 00000017  6A 00	   *	    push   +000000000h
 00000019  E8 00000000 E   *	    call   ExitProcess
 0000001E			main endp
				end main
Microsoft (R) Macro Assembler Version 14.16.27035.0	    02/21/20 09:28:26
AddTwo.asm						     Symbols 2 - 1




Segments and Groups:

                N a m e                 Size     Length   Align   Combine Class

FLAT . . . . . . . . . . . . . .	GROUP
STACK  . . . . . . . . . . . . .	32 Bit	 00001000 DWord	  Stack	  'STACK'	 
_DATA  . . . . . . . . . . . . .	32 Bit	 0000000C DWord	  Public  'DATA'	
_TEXT  . . . . . . . . . . . . .	32 Bit	 0000001E DWord	  Public  'CODE'	


Procedures, parameters, and locals:

                N a m e                 Type     Value    Attr

ExitProcess  . . . . . . . . . .	P Near	 00000000 FLAT	Length= 00000000 External STDCALL
main . . . . . . . . . . . . . .	P Near	 00000000 _TEXT	Length= 0000001E Public STDCALL


Symbols:

                N a m e                 Type     Value    Attr

@CodeSize  . . . . . . . . . . .	Number	 00000000h   
@DataSize  . . . . . . . . . . .	Number	 00000000h   
@Interface . . . . . . . . . . .	Number	 00000003h   
@Model . . . . . . . . . . . . .	Number	 00000007h   
@code  . . . . . . . . . . . . .	Text   	 _TEXT
@data  . . . . . . . . . . . . .	Text   	 FLAT
@fardata?  . . . . . . . . . . .	Text   	 FLAT
@fardata . . . . . . . . . . . .	Text   	 FLAT
@stack . . . . . . . . . . . . .	Text   	 FLAT
array  . . . . . . . . . . . . .	DWord	 00000000 _DATA	

	   0 Warnings
	   0 Errors
