Microsoft (R) Macro Assembler Version 14.16.27035.0	    02/15/20 23:57:49
AddTwo.asm						     Page 1 - 1


				; AddTwo.asm - adds two 32-bit integers.
				; Quiz 3

				.386
				.model flat,stdcall
				.stack 4096
				ExitProcess proto,dwExitCode:dword

 00000000			.data
 00000000 00			Val1 SBYTE ?

 00000000			.code
 00000000			main proc
 00000000  B1 8E		mov cl, 142d
 00000002  80 C1 03		add cl, 3d
 00000005  88 0D 00000000 R	mov Val1, cl

					invoke ExitProcess,0
 0000000B  6A 00	   *	    push   +000000000h
 0000000D  E8 00000000 E   *	    call   ExitProcess
 00000012			main endp
				end main
Microsoft (R) Macro Assembler Version 14.16.27035.0	    02/15/20 23:57:49
AddTwo.asm						     Symbols 2 - 1




Segments and Groups:

                N a m e                 Size     Length   Align   Combine Class

FLAT . . . . . . . . . . . . . .	GROUP
STACK  . . . . . . . . . . . . .	32 Bit	 00001000 DWord	  Stack	  'STACK'	 
_DATA  . . . . . . . . . . . . .	32 Bit	 00000001 DWord	  Public  'DATA'	
_TEXT  . . . . . . . . . . . . .	32 Bit	 00000012 DWord	  Public  'CODE'	


Procedures, parameters, and locals:

                N a m e                 Type     Value    Attr

ExitProcess  . . . . . . . . . .	P Near	 00000000 FLAT	Length= 00000000 External STDCALL
main . . . . . . . . . . . . . .	P Near	 00000000 _TEXT	Length= 00000012 Public STDCALL


Symbols:

                N a m e                 Type     Value    Attr

@CodeSize  . . . . . . . . . . .	Number	 00000000h   
@DataSize  . . . . . . . . . . .	Number	 00000000h   
@Interface . . . . . . . . . . .	Number	 00000003h   
@Model . . . . . . . . . . . . .	Number	 00000007h   
@code  . . . . . . . . . . . . .	Text   	 _TEXT
@data  . . . . . . . . . . . . .	Text   	 FLAT
@fardata?  . . . . . . . . . . .	Text   	 FLAT
@fardata . . . . . . . . . . . .	Text   	 FLAT
@stack . . . . . . . . . . . . .	Text   	 FLAT
Val1 . . . . . . . . . . . . . .	Byte	 00000000 _DATA	

	   0 Warnings
	   0 Errors
